<?xml version="1.0" encoding="UTF-8" ?>
<testsuite tests="30" failures="0" name="FizzBuzzParameterizedTest.FizzBuzzPTest" time="0.014" errors="0" skipped="0">
  <properties>
    <property name="java.runtime.name" value="Java(TM) SE Runtime Environment"/>
    <property name="java.vm.version" value="10.0.1+10"/>
    <property name="sun.boot.library.path" value="C:\Program Files\Java\jdk-10.0.1\bin"/>
    <property name="maven.multiModuleProjectDirectory" value="C:\Users\Diego\Documents\arquisoft\gitrepot\Arquisoft"/>
    <property name="java.vm.vendor" value="&quot;Oracle Corporation&quot;"/>
    <property name="java.vendor.url" value="http://java.oracle.com/"/>
    <property name="guice.disable.misplaced.annotation.check" value="true"/>
    <property name="path.separator" value=";"/>
    <property name="java.vm.name" value="Java HotSpot(TM) 64-Bit Server VM"/>
    <property name="file.encoding.pkg" value="sun.io"/>
    <property name="sun.os.patch.level" value=""/>
    <property name="user.script" value=""/>
    <property name="user.country" value="ES"/>
    <property name="sun.java.launcher" value="SUN_STANDARD"/>
    <property name="test" value="FizzBuzzParameterizedTest.FizzBuzzPTest"/>
    <property name="java.vm.specification.name" value="Java Virtual Machine Specification"/>
    <property name="user.dir" value="C:\Users\Diego\Documents\arquisoft\gitrepot\Arquisoft"/>
    <property name="java.vm.compressedOopsMode" value="Zero based"/>
    <property name="java.runtime.version" value="10.0.1+10"/>
    <property name="java.awt.graphicsenv" value="sun.awt.Win32GraphicsEnvironment"/>
    <property name="os.arch" value="amd64"/>
    <property name="java.io.tmpdir" value="C:\Users\Diego\AppData\Local\Temp\"/>
    <property name="line.separator" value="
"/>
    <property name="java.vm.specification.vendor" value="Oracle Corporation"/>
    <property name="user.variant" value=""/>
    <property name="os.name" value="Windows 8.1"/>
    <property name="maven.ext.class.path" value="C:\Program Files\NetBeans-11.1\netbeans\java\maven-nblib\netbeans-eventspy.jar"/>
    <property name="classworlds.conf" value="C:\Program Files\NetBeans-11.1\netbeans\java\maven\bin\m2.conf"/>
    <property name="sun.jnu.encoding" value="Cp1252"/>
    <property name="java.library.path" value="C:\Program Files\Java\jdk-10.0.1\bin;C:\WINDOWS\Sun\Java\bin;C:\WINDOWS\system32;C:\WINDOWS;C:\Program Files (x86)\Microsoft SDKs\Azure\CLI2\wbin;C:\oraclexe\app\oracle\product\11.2.0\server\bin;;C:\app\Diego\product\11.2.0\dbhome_2\bin;C:\Program Files (x86)\Common Files\Oracle\Java\javapath;C:\Python36\Scripts\;C:\Python36\;C:\Program Files\Haskell\bin;C:\Program Files\Haskell Platform\8.2.2\lib\extralibs\bin;C:\Program Files\Haskell Platform\8.2.2\bin;C:\Program Files (x86)\Lenovo\FusionEngine;C:\Program Files (x86)\Intel\iCLS Client\;C:\Program Files\Intel\iCLS Client\;C:\Program Files (x86)\NVIDIA Corporation\PhysX\Common;C:\WINDOWS\system32;C:\WINDOWS;C:\WINDOWS\System32\Wbem;C:\WINDOWS\System32\WindowsPowerShell\v1.0\;C:\Program Files\Intel\Intel(R) Management Engine Components\DAL;C:\Program Files\Intel\Intel(R) Management Engine Components\IPT;C:\Program Files (x86)\Intel\Intel(R) Management Engine Components\DAL;C:\Program Files (x86)\Intel\Intel(R) Management Engine Components\IPT;C:\Program Files (x86)\Common Files\lenovo\easyplussdk\bin;C:\Program Files\Microsoft SQL Server\130\Tools\Binn\;C:\Program Files\Haskell Platform\8.2.2\mingw\bin;C:\Program Files\MySQL\MySQL Utilities 1.6\;C:\Program Files\dotnet\;C:\Program Files (x86)\Microsoft SQL Server\Client SDK\ODBC\130\Tools\Binn\;C:\Program Files (x86)\Microsoft SQL Server\140\Tools\Binn\;C:\Program Files (x86)\Microsoft SQL Server\140\DTS\Binn\;C:\Program Files (x86)\Microsoft SQL Server\140\Tools\Binn\ManagementStudio\;C:\Program Files\Microsoft SQL Server\Client SDK\ODBC\130\Tools\Binn\;C:\Program Files\Microsoft SQL Server\140\Tools\Binn\;C:\Program Files\Microsoft SQL Server\140\DTS\Binn\;C:\Program Files\Git\cmd;C:\Program Files\Microsoft VS Code\bin;C:\Program Files\PuTTY\;C:\sqlite3;C:\Program Files\Microsoft SQL Server\Client SDK\ODBC\170\Tools\Binn\;C:\Program Files (x86)\Brackets\command;C:\Program Files (x86)\Wolfram Research\WolframScript\;C:\Program Files\nodejs\;C:\RailsInstaller\Git\cmd;C:\RailsInstaller\Ruby2.3.3\bin;C:\Ruby25-x64\bin;C:\Users\Diego\AppData\Roaming\cabal\bin;C:\Users\Diego\AppData\Roaming\local\bin;C:\Program Files\Microsoft VS Code\bin;C:\Users\Diego\AppData\Local\atom\bin;C:\Program Files\Heroku\bin;C:\MinGW\bin;C:\Program Files\Java\jre-10.0.1\bin;C:\src\flutter\bin;C:\Users\Diego\AppData\Local\Programs\Microsoft VS Code\bin;C:\Users\Diego\.dotnet\tools;C:\Program Files\Docker Toolbox;C:\Users\Diego\AppData\Local\Yarn\bin\;C:\Program Files\MongoDB\Server\4.0\bin\;C:\gradle-5.4\bin;C:\hadoop-3.1.2\bin;C:\hadoop-3.1.2\sbin;C:\Java\jdk1.8.0_211;C:\FFmpeg\bin;C:\Users\Diego\Downloads\ansi189-bin\x64;C:\Users\Diego\AppData\Roaming\npm;."/>
    <property name="jdk.debug" value="release"/>
    <property name="java.class.version" value="54.0"/>
    <property name="java.specification.name" value="Java Platform API Specification"/>
    <property name="sun.management.compiler" value="HotSpot 64-Bit Tiered Compilers"/>
    <property name="os.version" value="6.3"/>
    <property name="user.home" value="C:\Users\Diego"/>
    <property name="user.timezone" value="America/Caracas"/>
    <property name="java.awt.printerjob" value="sun.awt.windows.WPrinterJob"/>
    <property name="file.encoding" value="UTF-8"/>
    <property name="java.specification.version" value="10"/>
    <property name="user.name" value="Diego"/>
    <property name="java.class.path" value="C:\Program Files\NetBeans-11.1\netbeans\java\maven\boot\plexus-classworlds-2.5.2.jar"/>
    <property name="java.vm.specification.version" value="10"/>
    <property name="sun.arch.data.model" value="64"/>
    <property name="sun.java.command" value="org.codehaus.plexus.classworlds.launcher.Launcher -Dtest=FizzBuzzParameterizedTest.FizzBuzzPTest -Dmaven.ext.class.path=C:\Program Files\NetBeans-11.1\netbeans\java\maven-nblib\netbeans-eventspy.jar -Dfile.encoding=UTF-8 surefire:test"/>
    <property name="java.home" value="C:\Program Files\Java\jdk-10.0.1"/>
    <property name="user.language" value="es"/>
    <property name="java.specification.vendor" value="Oracle Corporation"/>
    <property name="awt.toolkit" value="sun.awt.windows.WToolkit"/>
    <property name="java.vm.info" value="mixed mode"/>
    <property name="java.version" value="10.0.1"/>
    <property name="java.vendor" value="Oracle Corporation"/>
    <property name="maven.home" value="C:\Program Files\NetBeans-11.1\netbeans\java\maven"/>
    <property name="file.separator" value="\"/>
    <property name="java.version.date" value="2018-04-17"/>
    <property name="java.vendor.url.bug" value="http://bugreport.java.com/bugreport/"/>
    <property name="sun.io.unicode.encoding" value="UnicodeLittle"/>
    <property name="sun.cpu.endian" value="little"/>
    <property name="java.vendor.version" value="18.3"/>
    <property name="sun.desktop" value="windows"/>
    <property name="sun.cpu.isalist" value="amd64"/>
  </properties>
  <testcase classname="FizzBuzzParameterizedTest.FizzBuzzPTest" name="test[0]" time="0.01"/>
  <testcase classname="FizzBuzzParameterizedTest.FizzBuzzPTest" name="test[1]" time="0"/>
  <testcase classname="FizzBuzzParameterizedTest.FizzBuzzPTest" name="test[2]" time="0"/>
  <testcase classname="FizzBuzzParameterizedTest.FizzBuzzPTest" name="test[3]" time="0"/>
  <testcase classname="FizzBuzzParameterizedTest.FizzBuzzPTest" name="test[4]" time="0"/>
  <testcase classname="FizzBuzzParameterizedTest.FizzBuzzPTest" name="test[5]" time="0"/>
  <testcase classname="FizzBuzzParameterizedTest.FizzBuzzPTest" name="test[6]" time="0"/>
  <testcase classname="FizzBuzzParameterizedTest.FizzBuzzPTest" name="test[7]" time="0"/>
  <testcase classname="FizzBuzzParameterizedTest.FizzBuzzPTest" name="test[8]" time="0"/>
  <testcase classname="FizzBuzzParameterizedTest.FizzBuzzPTest" name="test[9]" time="0"/>
  <testcase classname="FizzBuzzParameterizedTest.FizzBuzzPTest" name="test[10]" time="0"/>
  <testcase classname="FizzBuzzParameterizedTest.FizzBuzzPTest" name="test[11]" time="0"/>
  <testcase classname="FizzBuzzParameterizedTest.FizzBuzzPTest" name="test[12]" time="0"/>
  <testcase classname="FizzBuzzParameterizedTest.FizzBuzzPTest" name="test[13]" time="0"/>
  <testcase classname="FizzBuzzParameterizedTest.FizzBuzzPTest" name="test[14]" time="0"/>
  <testcase classname="FizzBuzzParameterizedTest.FizzBuzzPTest" name="test[15]" time="0.001"/>
  <testcase classname="FizzBuzzParameterizedTest.FizzBuzzPTest" name="test[16]" time="0"/>
  <testcase classname="FizzBuzzParameterizedTest.FizzBuzzPTest" name="test[17]" time="0"/>
  <testcase classname="FizzBuzzParameterizedTest.FizzBuzzPTest" name="test[18]" time="0"/>
  <testcase classname="FizzBuzzParameterizedTest.FizzBuzzPTest" name="test[19]" time="0"/>
  <testcase classname="FizzBuzzParameterizedTest.FizzBuzzPTest" name="test[20]" time="0"/>
  <testcase classname="FizzBuzzParameterizedTest.FizzBuzzPTest" name="test[21]" time="0"/>
  <testcase classname="FizzBuzzParameterizedTest.FizzBuzzPTest" name="test[22]" time="0"/>
  <testcase classname="FizzBuzzParameterizedTest.FizzBuzzPTest" name="test[23]" time="0.001"/>
  <testcase classname="FizzBuzzParameterizedTest.FizzBuzzPTest" name="test[24]" time="0"/>
  <testcase classname="FizzBuzzParameterizedTest.FizzBuzzPTest" name="test[25]" time="0"/>
  <testcase classname="FizzBuzzParameterizedTest.FizzBuzzPTest" name="test[26]" time="0.002"/>
  <testcase classname="FizzBuzzParameterizedTest.FizzBuzzPTest" name="test[27]" time="0"/>
  <testcase classname="FizzBuzzParameterizedTest.FizzBuzzPTest" name="test[28]" time="0"/>
  <testcase classname="FizzBuzzParameterizedTest.FizzBuzzPTest" name="test[29]" time="0"/>
</testsuite>